# callgrind format
version: 1
creator: callgrind-3.18.1
pid: 88674
cmd:  ./mdriver -f traces/xterm.rep
part: 1


desc: I1 cache: 
desc: D1 cache: 
desc: LL cache: 

desc: Timerange: Basic block 0 - 123710914
desc: Trigger: Program termination

positions: line
events: Ir
summary: 1953428


ob=(3) /usr/lib/libc-2.33.so
fl=(3) ???
fn=(418) __memcpy_avx_unaligned_erms
0 186

fn=(316) (below main)
cob=(5) /home/pitcer/studies/so-malloc/mdriver
cfi=(6) /home/pitcer/studies/so-malloc/mdriver.c
cfn=(342) main
calls=1 231 
0 1953428

fn=(224) memcpy@@GLIBC_2.14
0 16

ob=(1) /usr/lib/ld-2.33.so
fl=(1) ???
fn=(350) _dl_runtime_resolve_xsave
0 26
cfn=(352) _dl_fixup
calls=18 0 
0 581
0 15

fn=(0) 0x0000000000001090
cob=(5)
cfi=(5) ???
cfn=(314) (below main)
calls=1 0 
0 1953428

fn=(180) _dl_lookup_symbol_x
0 104
cfn=(182) do_lookup_x
calls=124 0 
0 341
0 38

fn=(182)
0 212
cfn=(184) check_match
calls=115 0 
0 110
0 19

fn=(56) strcmp
0 50

fn=(184)
0 31
cfn=(56)
calls=46 0 
0 25
0 27
cfn=(56)
calls=113 0 
0 25
0 2

fn=(352)
0 53
cfn=(180)
calls=18 0 
0 483
0 28
cob=(3)
cfi=(3)
cfn=(224)
calls=1 0 
0 16
0 1

ob=(5)
fl=(6)
fn=(596) fsecs
cfn=(606) eval_mm_speed
calls=1 819 
189 650934

fn=(342)
cfi=(8) /home/pitcer/studies/so-malloc/mm.c
cfn=(584) mm_realloc
calls=15 1549 
676 2245
cfi=(8)
cfn=(584)
calls=15 1549 
775 1619
cfi=(8)
cfn=(582) mm_free
calls=3569 1338 
715 191703
cfi=(8)
cfn=(566) mm_malloc
calls=8329 1203 
650 457612
cfi=(8)
cfn=(582)
calls=3569 1338 
795 191703
cfi=(8)
cfn=(566)
calls=8329 1203 
759 457612
cfn=(596)
calls=1 184 
219 650934

fn=(606)
cfi=(8)
cfn=(584)
calls=15 1549 
846 1619
cfi=(8)
cfn=(582)
calls=3569 1338 
858 191703
cfi=(8)
cfn=(566)
calls=8329 1203 
837 457612

fl=(5)
fn=(314)
cob=(3)
cfi=(3)
cfn=(316)
calls=1 0 
0 1953428

fl=(7) /home/pitcer/studies/so-malloc/memlib.c
fn=(564) mem_sbrk
56 12912
+2 64560
+6 12912
+2 12912

fl=(8)
fn=(586) allocate
1203 24
-8 48
262 24
1195 24
262 24
1203 48
743 24
+1 48
+4 135
579 12
300 12
748 36
339 24
195 48
748 48
1160 63
+4 42
+11 21
300 21
415 84
-46 42
+46 63
680 21
-66 21
415 21
587 63
+3 42
+90 21
+2 21
484 21
681 21
+1 21
-67 21
1185 42
691 21
+1 21
+2 42
+1 18
513 21
330 21
513 21
-98 63
1229 84
748 6
339 3
195 6
748 6
339 9
195 18
748 18
1222 3
219 3
1222 6
1048 6
cfi=(7)
cfn=(564)
calls=3 56 
* 24
+6 3
+49 6
484 15
-87 3
-67 3
1229 12
195 24
579 12
300 12
714 24
579 9
300 9
707 9
+1 18
608 9
+2 9
725 12
579 12
728 24

fn=(582)
1338 32121
-1 21414
-57 10707
+57 21414
339 10707
195 21414
847 21414
-11 7920
300 7920
-81 7920
1302 15840
484 4266
219 2133
1314 21414
195 1536
307 1536
1271 1536
307 1536
+32 1536
195 3072
1323 1536
+2 3072
415 4608
-46 3072
+46 6144
1347 6144
691 5787
+1 5787
+2 11574
+1 10998
+5 5457
+2 5457
+1 5457
195 5457
1304 5457
+2 10914
195 330
1304 330
+2 660
397 14895
195 864
579 288
300 288
714 576
+4 144
-1 144
+1 144
590 144
+24 144
-24 144
+26 144
-29 18342
484 9171
590 9171
-96 9171
+96 9171
+78 18342
+12 759
-66 759
+66 759
+2 759
-1 759
-66 759
+67 759
426 759
-11 2277
-46 1518
+46 3036
1347 3036
415 25236
-46 16824
+46 33648
1347 33648
725 144
579 144
728 288
579 42
300 42
708 42
-1 42
+1 42
608 42
+2 42
+61 8412
-63 8412
+6 8412
+1 8412
+59 8412

fn=(584)
1549 270
+2 90
1237 45
1557 90
339 36
-77 36
1280 36
262 36
-67 72
1476 72
+4 27
389 27
847 54
-11 27
300 27
-81 27
1502 54
195 12
1506 36
+22 15
cfn=(586)
calls=15 1203 
* 1104
+3 30
+6 30
188 15
1537 15
cob=(3)
cfi=(3)
cfn=(418)
calls=15 0 
* 186
cob=(1)
cfi=(1)
cfn=(350)
calls=1 0 
* 622
* 19
* 30
339 15
195 30
847 30
-11 15
300 15
-81 15
1302 30
484 30
219 15
1314 30
1568 198
-46 9
+46 99
1237 9
cfn=(586)
calls=9 -34 
* 792
691 12
+1 12
1410 12
694 24
195 18
579 6
300 6
714 12
+4 3
-1 3
+1 3
1419 24
587 30
484 15
590 15
-96 15
+96 15
+78 30
+12 15
-66 15
+66 15
+2 15
-1 15
-66 15
+67 15
426 15
-11 45
-46 30
+46 60
1317 15
695 12
415 60
+17 12
1433 12
300 12
415 48
-46 24
+46 48
587 24
+3 24
+78 24
+12 24
+2 12
-1 12
+1 12
484 12
614 12
+1 12
1439 24
725 3
579 3
728 6
579 6
300 6
708 6
-1 6
+1 6
608 6
+2 6
-20 3
+24 3
-24 3
+26 3

fn=(566)
1203 24987
+31 49974
262 24987
1234 24987
262 24987
1203 49974
743 24984
+1 49968
+4 44496
579 1992
300 1992
748 5976
339 3687
195 7374
748 7374
1160 36234
+4 24156
847 6276
484 612
219 612
691 612
+1 612
+2 1224
-3 2526
+1 2526
+2 5052
195 261
579 87
300 87
714 174
+4 33
-1 33
+1 33
484 3138
330 3138
484 3138
1242 12552
-67 8940
300 8940
415 35760
-46 17880
+46 26820
680 8940
-66 8940
415 8940
587 26820
+3 17880
+90 8940
+2 8940
484 8940
681 8940
+1 8940
-67 8940
1185 17880
691 8940
+1 8940
+2 17880
+1 16434
513 8940
330 8940
513 8940
-98 26820
1242 35760
748 21204
339 10602
195 21204
748 21204
339 420
195 840
748 840
1222 12906
219 12906
1222 25812
1048 25296
cfi=(7)
cfn=(564)
calls=12648 56 
* 101184
+6 12648
+49 25296
484 63240
-87 12648
-67 12648
1242 51636
695 6102
+5 2709
+2 2709
+1 2709
+28 2709
195 1446
579 723
300 723
714 1446
397 13326
195 261
1139 522
-91 522
cfi=(7)
cfn=(564)
calls=261 56 
* 2088
+6 261
+88 522
691 261
+1 261
+2 522
195 36
579 12
300 12
714 24
+4 12
-1 12
+1 12
513 522
-98 783
-85 261
1149 261
725 54
579 54
728 108
579 342
300 342
707 342
+1 684
608 342
+2 342
-31 8217
300 8217
707 8217
+1 16434
608 8217
+2 8217
725 723
579 723
728 1446
-33 498
+5 246
+2 246
+1 246
+28 246
590 33
+24 33
-24 33
+26 33
-37 3
300 3
708 3
-1 3
+1 3
608 3
+2 3
-20 12
+24 12
-24 12
+26 12

totals: 1953428
